<?xml version="1.0" encoding="UTF-8"?>
<!-- Generated by org.testng.reporters.JUnitReportReporter -->
<testsuite skipped="0" hostname="KUSHAL" name="com.nareshit.selenium_maven.testNG.TC001_HMS_Login_Logout" tests="1" failures="0" timestamp="2023-04-10T18:15:29 IST" time="5.164" errors="0">
  <testcase name="hmsLoginLogout" time="5.164" classname="com.nareshit.selenium_maven.testNG.TC001_HMS_Login_Logout"/>
  <system-out/>
</testsuite> <!-- com.nareshit.selenium_maven.testNG.TC001_HMS_Login_Logout -->
