<?xml version="1.0" encoding="UTF-8"?>
<!-- Generated by org.testng.reporters.JUnitReportReporter -->
<testsuite skipped="0" hostname="KUSHAL" name="com.nareshit.selenium_maven.testNG.ReadDataFromExcelFileByColumnName" tests="1" failures="0" timestamp="2023-04-15T18:47:02 IST" time="0.362" errors="0">
  <testcase name="f" time="0.362" classname="com.nareshit.selenium_maven.testNG.ReadDataFromExcelFileByColumnName"/>
  <system-out/>
</testsuite> <!-- com.nareshit.selenium_maven.testNG.ReadDataFromExcelFileByColumnName -->
