<?xml version="1.0" encoding="UTF-8"?>
<!-- Generated by org.testng.reporters.JUnitReportReporter -->
<testsuite skipped="0" hostname="KUSHAL" name="com.nareshit.selenium_maven.testNG.Radiobutton_Properties" tests="1" failures="0" timestamp="2023-04-11T18:07:47 IST" time="0.265" errors="0">
  <testcase name="radiobuttons" time="0.265" classname="com.nareshit.selenium_maven.testNG.Radiobutton_Properties"/>
  <system-out/>
</testsuite> <!-- com.nareshit.selenium_maven.testNG.Radiobutton_Properties -->
