<?xml version="1.0" encoding="UTF-8"?>
<!-- Generated by org.testng.reporters.JUnitReportReporter -->
<testsuite skipped="0" hostname="KUSHAL" name="com.nareshit.selenium_maven.testNG.HMS_Login_Logout_Excel_API" tests="1" failures="0" timestamp="2023-04-19T19:29:14 IST" time="3.222" errors="0">
  <testcase name="f" time="3.222" classname="com.nareshit.selenium_maven.testNG.HMS_Login_Logout_Excel_API"/>
  <system-out/>
</testsuite> <!-- com.nareshit.selenium_maven.testNG.HMS_Login_Logout_Excel_API -->
