<?xml version="1.0" encoding="UTF-8"?>
<!-- Generated by org.testng.reporters.JUnitReportReporter -->
<testsuite skipped="0" hostname="KUSHAL" name="com.nareshit.selenium_maven.testNG.ReadExcelDataByExcel_API" tests="1" failures="0" timestamp="2023-04-19T18:59:55 IST" time="0.442" errors="0">
  <testcase name="f" time="0.442" classname="com.nareshit.selenium_maven.testNG.ReadExcelDataByExcel_API"/>
  <system-out/>
</testsuite> <!-- com.nareshit.selenium_maven.testNG.ReadExcelDataByExcel_API -->
