<?xml version="1.0" encoding="UTF-8"?>
<!-- Generated by org.testng.reporters.JUnitReportReporter -->
<testsuite skipped="0" hostname="KUSHAL" name="com.nareshit.selenium_maven.testNG.WriteExcelDataByIndex" tests="1" failures="0" timestamp="2023-04-17T18:15:16 IST" time="0.683" errors="0">
  <testcase name="f" time="0.683" classname="com.nareshit.selenium_maven.testNG.WriteExcelDataByIndex"/>
  <system-out/>
</testsuite> <!-- com.nareshit.selenium_maven.testNG.WriteExcelDataByIndex -->
