<?xml version="1.0" encoding="UTF-8"?>
<!-- Generated by org.testng.reporters.JUnitReportReporter -->
<testsuite skipped="0" hostname="KUSHAL" name="com.nareshit.selenium_maven.testNG.Eclipse_Navigate" tests="1" failures="0" timestamp="2023-04-19T19:13:44 IST" time="0.932" errors="0">
  <testcase name="f" time="0.932" classname="com.nareshit.selenium_maven.testNG.Eclipse_Navigate"/>
  <system-out/>
</testsuite> <!-- com.nareshit.selenium_maven.testNG.Eclipse_Navigate -->
