<?xml version="1.0" encoding="UTF-8"?>
<!-- Generated by org.testng.reporters.JUnitReportReporter -->
<testsuite skipped="0" hostname="KUSHAL" name="com.nareshit.selenium_maven.testNG.BBC_DynamicLinks" tests="1" failures="0" timestamp="2023-04-10T18:46:56 IST" time="25.265" errors="0">
  <testcase name="f" time="25.265" classname="com.nareshit.selenium_maven.testNG.BBC_DynamicLinks"/>
  <system-out/>
</testsuite> <!-- com.nareshit.selenium_maven.testNG.BBC_DynamicLinks -->
