<?xml version="1.0" encoding="UTF-8"?>
<!-- Generated by org.testng.reporters.JUnitReportReporter -->
<testsuite skipped="0" hostname="KUSHAL" name="com.nareshit.selenium_maven.testNG.Checkbox_Properties" tests="1" failures="0" timestamp="2023-04-10T19:21:24 IST" time="9.369" errors="0">
  <testcase name="checkboxesProperties" time="9.369" classname="com.nareshit.selenium_maven.testNG.Checkbox_Properties"/>
  <system-out/>
</testsuite> <!-- com.nareshit.selenium_maven.testNG.Checkbox_Properties -->
