<?xml version="1.0" encoding="UTF-8"?>
<!-- Generated by org.testng.reporters.JUnitReportReporter -->
<testsuite skipped="0" hostname="KUSHAL" name="com.nareshit.selenium_maven.testNG.PrintAllRadioBT_Properties" tests="1" failures="0" timestamp="2023-04-12T19:18:04 IST" time="36.965" errors="0">
  <testcase name="f" time="36.965" classname="com.nareshit.selenium_maven.testNG.PrintAllRadioBT_Properties"/>
  <system-out/>
</testsuite> <!-- com.nareshit.selenium_maven.testNG.PrintAllRadioBT_Properties -->
