<?xml version="1.0" encoding="UTF-8"?>
<!-- Generated by org.testng.reporters.JUnitReportReporter -->
<testsuite skipped="2" hostname="KUSHAL" name="com.nareshit.selenium_maven.testNG.Mouse_N_Keyboard_Operations" tests="3" failures="0" timestamp="2023-04-14T18:57:57 IST" time="0.483" errors="0">
  <testcase name="slider" time="0.483" classname="com.nareshit.selenium_maven.testNG.Mouse_N_Keyboard_Operations"/>
  <system-out/>
  <testcase name="drgNdrop" classname="com.nareshit.selenium_maven.testNG.Mouse_N_Keyboard_Operations">
    <skipped/>
  </testcase> <!-- drgNdrop -->
  <system-out/>
  <testcase name="rightClickOnElement" classname="com.nareshit.selenium_maven.testNG.Mouse_N_Keyboard_Operations">
    <skipped/>
  </testcase> <!-- rightClickOnElement -->
  <system-out/>
</testsuite> <!-- com.nareshit.selenium_maven.testNG.Mouse_N_Keyboard_Operations -->
