<?xml version="1.0" encoding="UTF-8"?>
<!-- Generated by org.testng.reporters.JUnitReportReporter -->
<testsuite skipped="2" hostname="KUSHAL" name="com.nareshit.selenium_maven.testNG.CaptureScreenshot" tests="3" failures="0" timestamp="2023-04-13T18:11:51 IST" time="0.379" errors="0">
  <testcase name="dateNtimeScreenshot" time="0.379" classname="com.nareshit.selenium_maven.testNG.CaptureScreenshot"/>
  <system-out/>
  <testcase name="normalScreenshot" classname="com.nareshit.selenium_maven.testNG.CaptureScreenshot">
    <skipped/>
  </testcase> <!-- normalScreenshot -->
  <system-out/>
  <testcase name="conditionBasedScreenshot" classname="com.nareshit.selenium_maven.testNG.CaptureScreenshot">
    <skipped/>
  </testcase> <!-- conditionBasedScreenshot -->
  <system-out/>
</testsuite> <!-- com.nareshit.selenium_maven.testNG.CaptureScreenshot -->
